{"level":"\u001b[35mfatal\u001b[39m","message":"Este es un mensaje fatal","timestamp":"2024-05-08T12:32:25.951Z"}
{"level":"\u001b[31merror\u001b[39m","message":"Este es un mensaje de error","timestamp":"2024-05-08T12:32:25.953Z"}
{"level":"\u001b[31merror\u001b[39m","message":"Error al iniciar sesión: email is not defined","stack":"ReferenceError: email is not defined\n    at login (C:\\Users\\macch\\OneDrive\\Documentos\\CoderHouse\\backend-node\\implementacion-logger\\src\\controllers\\authControllers.js:34:62)\n    at Layer.handle [as handle_request] (C:\\Users\\macch\\OneDrive\\Documentos\\CoderHouse\\backend-node\\implementacion-logger\\node_modules\\express\\lib\\router\\layer.js:95:5)\n    at next (C:\\Users\\macch\\OneDrive\\Documentos\\CoderHouse\\backend-node\\implementacion-logger\\node_modules\\express\\lib\\router\\route.js:149:13)\n    at Route.dispatch (C:\\Users\\macch\\OneDrive\\Documentos\\CoderHouse\\backend-node\\implementacion-logger\\node_modules\\express\\lib\\router\\route.js:119:3)\n    at Layer.handle [as handle_request] (C:\\Users\\macch\\OneDrive\\Documentos\\CoderHouse\\backend-node\\implementacion-logger\\node_modules\\express\\lib\\router\\layer.js:95:5)\n    at C:\\Users\\macch\\OneDrive\\Documentos\\CoderHouse\\backend-node\\implementacion-logger\\node_modules\\express\\lib\\router\\index.js:284:15\n    at Function.process_params (C:\\Users\\macch\\OneDrive\\Documentos\\CoderHouse\\backend-node\\implementacion-logger\\node_modules\\express\\lib\\router\\index.js:346:12)\n    at next (C:\\Users\\macch\\OneDrive\\Documentos\\CoderHouse\\backend-node\\implementacion-logger\\node_modules\\express\\lib\\router\\index.js:280:10)\n    at Function.handle (C:\\Users\\macch\\OneDrive\\Documentos\\CoderHouse\\backend-node\\implementacion-logger\\node_modules\\express\\lib\\router\\index.js:175:3)\n    at router (C:\\Users\\macch\\OneDrive\\Documentos\\CoderHouse\\backend-node\\implementacion-logger\\node_modules\\express\\lib\\router\\index.js:47:12)","timestamp":"2024-05-08T13:30:27.731Z"}
{"level":"\u001b[31merror\u001b[39m","message":"Error al iniciar sesión: user is not defined","stack":"ReferenceError: user is not defined\n    at login (C:\\Users\\macch\\OneDrive\\Documentos\\CoderHouse\\backend-node\\implementacion-logger\\src\\controllers\\authControllers.js:38:5)\n    at Layer.handle [as handle_request] (C:\\Users\\macch\\OneDrive\\Documentos\\CoderHouse\\backend-node\\implementacion-logger\\node_modules\\express\\lib\\router\\layer.js:95:5)\n    at next (C:\\Users\\macch\\OneDrive\\Documentos\\CoderHouse\\backend-node\\implementacion-logger\\node_modules\\express\\lib\\router\\route.js:149:13)\n    at Route.dispatch (C:\\Users\\macch\\OneDrive\\Documentos\\CoderHouse\\backend-node\\implementacion-logger\\node_modules\\express\\lib\\router\\route.js:119:3)\n    at Layer.handle [as handle_request] (C:\\Users\\macch\\OneDrive\\Documentos\\CoderHouse\\backend-node\\implementacion-logger\\node_modules\\express\\lib\\router\\layer.js:95:5)\n    at C:\\Users\\macch\\OneDrive\\Documentos\\CoderHouse\\backend-node\\implementacion-logger\\node_modules\\express\\lib\\router\\index.js:284:15\n    at Function.process_params (C:\\Users\\macch\\OneDrive\\Documentos\\CoderHouse\\backend-node\\implementacion-logger\\node_modules\\express\\lib\\router\\index.js:346:12)\n    at next (C:\\Users\\macch\\OneDrive\\Documentos\\CoderHouse\\backend-node\\implementacion-logger\\node_modules\\express\\lib\\router\\index.js:280:10)\n    at Function.handle (C:\\Users\\macch\\OneDrive\\Documentos\\CoderHouse\\backend-node\\implementacion-logger\\node_modules\\express\\lib\\router\\index.js:175:3)\n    at router (C:\\Users\\macch\\OneDrive\\Documentos\\CoderHouse\\backend-node\\implementacion-logger\\node_modules\\express\\lib\\router\\index.js:47:12)","timestamp":"2024-05-08T13:31:46.730Z"}
{"level":"\u001b[31merror\u001b[39m","message":"Error al actualizar el producto: TypeError: productManager.findOne is not a function","timestamp":"2024-05-15T20:28:18.101Z"}
{"level":"\u001b[31merror\u001b[39m","message":"Error al actualizar el producto: TypeError: productManager.findOne is not a function","timestamp":"2024-05-15T20:29:28.278Z"}
{"level":"\u001b[31merror\u001b[39m","message":"Error al actualizar el producto: TypeError: Cannot read properties of undefined (reading 'equals')","timestamp":"2024-05-15T20:31:48.980Z"}
{"level":"\u001b[31merror\u001b[39m","message":"Error al actualizar el producto: TypeError: Cannot read properties of undefined (reading 'equals')","timestamp":"2024-05-15T20:32:41.298Z"}
{"level":"\u001b[31merror\u001b[39m","message":"Error al actualizar el producto: TypeError: Cannot read properties of undefined (reading 'then')","timestamp":"2024-05-15T20:39:09.556Z"}
{"level":"\u001b[31merror\u001b[39m","message":"Error al actualizar el producto: TypeError: Cannot read properties of undefined (reading 'then')","timestamp":"2024-05-15T20:39:22.711Z"}
{"level":"\u001b[31merror\u001b[39m","message":"Error al eliminar el producto: TypeError: Cannot read properties of undefined (reading 'then')","timestamp":"2024-05-15T20:40:32.367Z"}
{"level":"\u001b[31merror\u001b[39m","message":"Error al actualizar el producto: TypeError: Cannot read properties of undefined (reading 'then')","timestamp":"2024-05-15T20:43:37.934Z"}
{"level":"\u001b[31merror\u001b[39m","message":"Error al actualizar el producto: TypeError: Cannot read properties of undefined (reading 'then')","timestamp":"2024-05-15T20:43:47.902Z"}
{"level":"\u001b[31merror\u001b[39m","message":"Error al eliminar el producto: TypeError: Cannot read properties of undefined (reading 'then')","timestamp":"2024-05-15T20:44:15.646Z"}
{"level":"\u001b[31merror\u001b[39m","message":"Error al eliminar el producto: TypeError: Cannot read properties of undefined (reading 'then')","timestamp":"2024-05-15T20:47:21.232Z"}
{"level":"\u001b[31merror\u001b[39m","message":"Error al eliminar el producto: TypeError: Cannot read properties of undefined (reading 'then')","timestamp":"2024-05-15T20:47:27.817Z"}
{"level":"\u001b[31merror\u001b[39m","message":"Error al eliminar el producto: TypeError: Cannot read properties of undefined (reading 'then')","timestamp":"2024-05-15T20:48:15.963Z"}
{"level":"\u001b[31merror\u001b[39m","message":"Error al eliminar el producto: ReferenceError: product is not defined","timestamp":"2024-05-15T20:50:50.846Z"}
{"level":"\u001b[31merror\u001b[39m","message":"Error al eliminar el producto: TypeError: Cannot read properties of undefined (reading 'then')","timestamp":"2024-05-15T20:52:29.521Z"}
{"level":"\u001b[31merror\u001b[39m","message":"Error al eliminar el producto: TypeError: Cannot read properties of undefined (reading 'then')","timestamp":"2024-05-15T20:54:25.019Z"}
{"level":"\u001b[31merror\u001b[39m","message":"Error al eliminar el producto: TypeError: Cannot read properties of undefined (reading 'then')","timestamp":"2024-05-15T20:54:51.559Z"}
{"level":"\u001b[31merror\u001b[39m","message":"Error al eliminar el producto: TypeError: Cannot read properties of undefined (reading 'then')","timestamp":"2024-05-15T20:55:32.184Z"}
{"level":"\u001b[31merror\u001b[39m","message":"Error al eliminar el producto: TypeError: Cannot read properties of undefined (reading 'then')","timestamp":"2024-05-15T20:57:38.214Z"}
{"level":"\u001b[31merror\u001b[39m","message":"Error al actualizar el producto: TypeError: Cannot read properties of undefined (reading 'then')","timestamp":"2024-05-15T20:57:50.988Z"}
{"level":"\u001b[31merror\u001b[39m","message":"Error al eliminar el producto: TypeError: Cannot read properties of undefined (reading 'then')","timestamp":"2024-05-15T21:01:32.436Z"}
{"level":"\u001b[31merror\u001b[39m","message":"Error al eliminar el producto: TypeError: Cannot read properties of undefined (reading 'then')","timestamp":"2024-05-15T21:01:37.665Z"}
{"level":"\u001b[31merror\u001b[39m","message":"Error al eliminar el producto: TypeError: Cannot read properties of undefined (reading 'then')","timestamp":"2024-05-15T21:02:09.725Z"}
{"level":"\u001b[31merror\u001b[39m","message":"Error al eliminar el producto: TypeError: Cannot read properties of undefined (reading 'then')","timestamp":"2024-05-15T21:02:12.784Z"}
{"level":"\u001b[31merror\u001b[39m","message":"Error al eliminar el producto: TypeError: Cannot read properties of undefined (reading 'then')","timestamp":"2024-05-15T21:02:42.474Z"}
{"level":"\u001b[31merror\u001b[39m","message":"Error al actualizar el producto: TypeError: Cannot read properties of undefined (reading 'then')","timestamp":"2024-05-15T21:05:03.496Z"}
{"level":"\u001b[31merror\u001b[39m","message":"Error al eliminar el producto: TypeError: Cannot read properties of undefined (reading 'then')","timestamp":"2024-05-15T21:05:11.008Z"}
{"level":"\u001b[31merror\u001b[39m","message":"Error al eliminar el producto: TypeError: Cannot read properties of undefined (reading 'then')","timestamp":"2024-05-15T21:36:57.821Z"}
{"level":"\u001b[31merror\u001b[39m","message":"Error al eliminar el producto: TypeError: Cannot read properties of undefined (reading 'then')","timestamp":"2024-05-15T21:37:21.965Z"}
{"level":"\u001b[31merror\u001b[39m","message":"Error al eliminar el producto: TypeError: Cannot read properties of undefined (reading 'then')","timestamp":"2024-05-15T21:37:39.028Z"}
{"level":"\u001b[31merror\u001b[39m","message":"Error al eliminar el producto: TypeError: Cannot read properties of undefined (reading 'then')","timestamp":"2024-05-15T21:45:16.163Z"}
{"level":"\u001b[31merror\u001b[39m","message":"Error al eliminar el producto: TypeError: Cannot read properties of undefined (reading 'then')","timestamp":"2024-05-15T21:45:27.399Z"}
{"level":"\u001b[31merror\u001b[39m","message":"Error al actualizar el producto: TypeError: Cannot read properties of undefined (reading 'then')","timestamp":"2024-05-15T21:46:59.697Z"}
{"level":"\u001b[31merror\u001b[39m","message":"Error al actualizar el producto: TypeError: Cannot read properties of undefined (reading 'then')","timestamp":"2024-05-15T21:47:20.269Z"}
{"level":"\u001b[31merror\u001b[39m","message":"Error al actualizar el producto: TypeError: Cannot read properties of undefined (reading 'then')","timestamp":"2024-05-15T21:47:30.508Z"}
{"level":"\u001b[31merror\u001b[39m","message":"Error al actualizar el producto: TypeError: Cannot read properties of undefined (reading 'then')","timestamp":"2024-05-15T21:48:41.883Z"}
{"level":"\u001b[31merror\u001b[39m","message":"Error al actualizar el producto: TypeError: Cannot read properties of undefined (reading 'then')","timestamp":"2024-05-15T21:48:45.397Z"}
{"level":"\u001b[31merror\u001b[39m","message":"Error al actualizar el producto: TypeError: Cannot read properties of undefined (reading 'then')","timestamp":"2024-05-15T21:52:24.057Z"}
{"level":"\u001b[31merror\u001b[39m","message":"Error al actualizar el producto: TypeError: Cannot read properties of undefined (reading 'then')","timestamp":"2024-05-15T21:52:26.615Z"}
{"level":"\u001b[31merror\u001b[39m","message":"Error al eliminar el producto: TypeError: product.owner.equals is not a function","timestamp":"2024-05-16T13:21:30.232Z"}
{"level":"\u001b[31merror\u001b[39m","message":"Error al eliminar el producto: TypeError: product.owner.equals is not a function","timestamp":"2024-05-16T14:27:59.347Z"}
{"level":"\u001b[31merror\u001b[39m","message":"Error al eliminar el producto: TypeError: product.owner.equals is not a function","timestamp":"2024-05-16T14:28:47.098Z"}
{"level":"\u001b[31merror\u001b[39m","message":"Error al eliminar el producto: TypeError: product.owner.equals is not a function","timestamp":"2024-05-16T14:29:27.053Z"}
{"level":"\u001b[31merror\u001b[39m","message":"Error al actualizar cantidad del producto en el carrito: Cannot read properties of undefined (reading 'owner')","stack":"TypeError: Cannot read properties of undefined (reading 'owner')\n    at updateProductQuantity (D:\\Escritorio\\MATI\\Coderhouse\\Carrera Full Stack\\Backend2\\backend-coder\\practica-integradora-3\\src\\controllers\\cartsControllers.js:64:48)\n    at process.processTicksAndRejections (node:internal/process/task_queues:95:5)","timestamp":"2024-05-16T15:37:29.814Z"}
{"level":"\u001b[31merror\u001b[39m","message":"Error al actualizar cantidad del producto en el carrito: Cannot read properties of undefined (reading 'owner')","stack":"TypeError: Cannot read properties of undefined (reading 'owner')\n    at updateProductQuantity (D:\\Escritorio\\MATI\\Coderhouse\\Carrera Full Stack\\Backend2\\backend-coder\\practica-integradora-3\\src\\controllers\\cartsControllers.js:64:48)\n    at process.processTicksAndRejections (node:internal/process/task_queues:95:5)","timestamp":"2024-05-16T15:37:41.938Z"}
{"level":"\u001b[31merror\u001b[39m","message":"No tiene permisos para agregar este producto","timestamp":"2024-05-16T15:38:21.734Z"}
{"level":"\u001b[31merror\u001b[39m","message":"No tiene permisos para agregar este producto","timestamp":"2024-05-16T15:38:45.977Z"}
{"level":"\u001b[31merror\u001b[39m","message":"Error obteniendo los productos: TypeError: Cannot read properties of undefined (reading 'cart')","timestamp":"2024-05-17T16:09:31.364Z"}
{"level":"\u001b[31merror\u001b[39m","message":"No tiene permisos para agregar este producto","timestamp":"2024-05-17T16:14:38.622Z"}
{"level":"\u001b[31merror\u001b[39m","message":"No tiene permisos para agregar este producto","timestamp":"2024-05-17T16:20:55.582Z"}
{"level":"\u001b[31merror\u001b[39m","message":"No tiene permisos para agregar este producto","timestamp":"2024-05-17T16:21:04.258Z"}
{"level":"\u001b[31merror\u001b[39m","message":"No tiene permisos para agregar este producto","timestamp":"2024-05-17T16:21:53.543Z"}
{"level":"\u001b[31merror\u001b[39m","message":"Error obteniendo los productos: TypeError: Cannot read properties of undefined (reading 'cart')","timestamp":"2024-05-22T11:57:23.355Z"}
{"level":"\u001b[31merror\u001b[39m","message":"Error obteniendo los productos: TypeError: Cannot read properties of undefined (reading 'cart')","timestamp":"2024-05-22T11:57:34.462Z"}
{"level":"\u001b[31merror\u001b[39m","message":"Error obteniendo los productos: TypeError: Cannot read properties of undefined (reading 'cart')","timestamp":"2024-05-22T11:58:30.323Z"}
{"level":"\u001b[31merror\u001b[39m","message":"Error obteniendo los productos: TypeError: Cannot read properties of undefined (reading 'cart')","timestamp":"2024-05-22T12:36:21.112Z"}
{"level":"\u001b[31merror\u001b[39m","message":"No se pudo generar el ticket.","timestamp":"2024-05-22T14:06:05.710Z"}
{"level":"\u001b[31merror\u001b[39m","message":"No se pudo generar el ticket.","timestamp":"2024-05-22T14:09:17.229Z"}
{"level":"\u001b[31merror\u001b[39m","message":"No tiene permisos para agregar este producto","timestamp":"2024-05-22T14:09:44.142Z"}
{"level":"\u001b[31merror\u001b[39m","message":"No tiene permisos para agregar este producto","timestamp":"2024-05-22T14:09:49.107Z"}
{"level":"\u001b[31merror\u001b[39m","message":"Error al renderizar la página del administrador: TypeError: Cannot read properties of undefined (reading 'cart')","timestamp":"2024-05-23T11:49:44.923Z"}
{"level":"\u001b[31merror\u001b[39m","message":"Error al renderizar la página del administrador: TypeError: Cannot read properties of undefined (reading 'cart')","timestamp":"2024-05-23T11:49:46.985Z"}
{"level":"\u001b[31merror\u001b[39m","message":"Error al renderizar la página del administrador: TypeError: Cannot read properties of undefined (reading 'cart')","timestamp":"2024-05-23T11:49:47.625Z"}
{"level":"\u001b[31merror\u001b[39m","message":"Error al renderizar la página del administrador: TypeError: Cannot read properties of undefined (reading 'cart')","timestamp":"2024-05-23T11:49:48.263Z"}
{"level":"\u001b[31merror\u001b[39m","message":"Error al renderizar la página del administrador: TypeError: Cannot read properties of undefined (reading 'cart')","timestamp":"2024-05-23T11:49:48.835Z"}
{"level":"\u001b[31merror\u001b[39m","message":"Error al renderizar la página del administrador: TypeError: Cannot read properties of undefined (reading 'cart')","timestamp":"2024-05-23T11:49:49.506Z"}
{"level":"\u001b[31merror\u001b[39m","message":"Error al renderizar la página del administrador: TypeError: Cannot read properties of undefined (reading 'cart')","timestamp":"2024-05-23T11:49:51.816Z"}
{"level":"\u001b[31merror\u001b[39m","message":"Error al renderizar la página del administrador: TypeError: Cannot read properties of undefined (reading 'cart')","timestamp":"2024-05-23T11:49:52.975Z"}
{"level":"\u001b[31merror\u001b[39m","message":"Error al procesar la compra: Cannot read properties of undefined (reading '_id')","stack":"TypeError: Cannot read properties of undefined (reading '_id')\n    at purchaseCart (C:\\Users\\macch\\OneDrive\\Documentos\\CoderHouse\\backend-node\\documentacion-swagger\\src\\controllers\\cartsControllers.js:161:29)\n    at Layer.handle [as handle_request] (C:\\Users\\macch\\OneDrive\\Documentos\\CoderHouse\\backend-node\\documentacion-swagger\\node_modules\\express\\lib\\router\\layer.js:95:5)\n    at next (C:\\Users\\macch\\OneDrive\\Documentos\\CoderHouse\\backend-node\\documentacion-swagger\\node_modules\\express\\lib\\router\\route.js:149:13)\n    at Route.dispatch (C:\\Users\\macch\\OneDrive\\Documentos\\CoderHouse\\backend-node\\documentacion-swagger\\node_modules\\express\\lib\\router\\route.js:119:3)\n    at Layer.handle [as handle_request] (C:\\Users\\macch\\OneDrive\\Documentos\\CoderHouse\\backend-node\\documentacion-swagger\\node_modules\\express\\lib\\router\\layer.js:95:5)\n    at C:\\Users\\macch\\OneDrive\\Documentos\\CoderHouse\\backend-node\\documentacion-swagger\\node_modules\\express\\lib\\router\\index.js:284:15\n    at param (C:\\Users\\macch\\OneDrive\\Documentos\\CoderHouse\\backend-node\\documentacion-swagger\\node_modules\\express\\lib\\router\\index.js:365:14)\n    at param (C:\\Users\\macch\\OneDrive\\Documentos\\CoderHouse\\backend-node\\documentacion-swagger\\node_modules\\express\\lib\\router\\index.js:376:14)\n    at Function.process_params (C:\\Users\\macch\\OneDrive\\Documentos\\CoderHouse\\backend-node\\documentacion-swagger\\node_modules\\express\\lib\\router\\index.js:421:3)\n    at next (C:\\Users\\macch\\OneDrive\\Documentos\\CoderHouse\\backend-node\\documentacion-swagger\\node_modules\\express\\lib\\router\\index.js:280:10)","timestamp":"2024-05-23T13:00:03.554Z"}
{"level":"\u001b[31merror\u001b[39m","message":"Error al procesar la compra: Cannot read properties of undefined (reading '_id')","stack":"TypeError: Cannot read properties of undefined (reading '_id')\n    at purchaseCart (C:\\Users\\macch\\OneDrive\\Documentos\\CoderHouse\\backend-node\\documentacion-swagger\\src\\controllers\\cartsControllers.js:161:29)\n    at Layer.handle [as handle_request] (C:\\Users\\macch\\OneDrive\\Documentos\\CoderHouse\\backend-node\\documentacion-swagger\\node_modules\\express\\lib\\router\\layer.js:95:5)\n    at next (C:\\Users\\macch\\OneDrive\\Documentos\\CoderHouse\\backend-node\\documentacion-swagger\\node_modules\\express\\lib\\router\\route.js:149:13)\n    at Route.dispatch (C:\\Users\\macch\\OneDrive\\Documentos\\CoderHouse\\backend-node\\documentacion-swagger\\node_modules\\express\\lib\\router\\route.js:119:3)\n    at Layer.handle [as handle_request] (C:\\Users\\macch\\OneDrive\\Documentos\\CoderHouse\\backend-node\\documentacion-swagger\\node_modules\\express\\lib\\router\\layer.js:95:5)\n    at C:\\Users\\macch\\OneDrive\\Documentos\\CoderHouse\\backend-node\\documentacion-swagger\\node_modules\\express\\lib\\router\\index.js:284:15\n    at param (C:\\Users\\macch\\OneDrive\\Documentos\\CoderHouse\\backend-node\\documentacion-swagger\\node_modules\\express\\lib\\router\\index.js:365:14)\n    at param (C:\\Users\\macch\\OneDrive\\Documentos\\CoderHouse\\backend-node\\documentacion-swagger\\node_modules\\express\\lib\\router\\index.js:376:14)\n    at Function.process_params (C:\\Users\\macch\\OneDrive\\Documentos\\CoderHouse\\backend-node\\documentacion-swagger\\node_modules\\express\\lib\\router\\index.js:421:3)\n    at next (C:\\Users\\macch\\OneDrive\\Documentos\\CoderHouse\\backend-node\\documentacion-swagger\\node_modules\\express\\lib\\router\\index.js:280:10)","timestamp":"2024-05-23T13:02:04.031Z"}
{"level":"\u001b[31merror\u001b[39m","message":"No tiene permisos para agregar este producto","timestamp":"2024-05-23T13:33:19.781Z"}
{"level":"\u001b[31merror\u001b[39m","message":"Error obteniendo los productos: TypeError: Cannot read properties of undefined (reading 'includes')","timestamp":"2024-05-30T10:50:30.738Z"}
{"level":"\u001b[31merror\u001b[39m","message":"Error obteniendo los productos: TypeError: Cannot read properties of undefined (reading 'includes')","timestamp":"2024-05-31T13:57:45.753Z"}
{"level":"\u001b[31merror\u001b[39m","message":"Error obteniendo los productos: TypeError: Cannot read properties of undefined (reading 'includes')","timestamp":"2024-05-31T14:00:47.189Z"}
{"level":"\u001b[31merror\u001b[39m","message":"Error obteniendo los productos: TypeError: Cannot read properties of undefined (reading 'includes')","timestamp":"2024-05-31T14:06:47.926Z"}
{"level":"\u001b[31merror\u001b[39m","message":"Error obteniendo los productos: TypeError: Cannot read properties of undefined (reading 'includes')","timestamp":"2024-05-31T14:16:11.155Z"}
{"level":"\u001b[31merror\u001b[39m","message":"Error obteniendo los productos: TypeError: Cannot read properties of undefined (reading 'includes')","timestamp":"2024-05-31T14:20:44.316Z"}
{"level":"\u001b[31merror\u001b[39m","message":"Error obteniendo los productos: TypeError: Cannot read properties of undefined (reading 'includes')","timestamp":"2024-05-31T14:26:37.759Z"}
{"level":"\u001b[31merror\u001b[39m","message":"Error al iniciar sesión: Error [ERR_HTTP_HEADERS_SENT]: Cannot set headers after they are sent to the client","timestamp":"2024-05-31T14:38:15.229Z"}
{"level":"\u001b[31merror\u001b[39m","message":"Error obteniendo los productos: TypeError: Cannot read properties of undefined (reading 'includes')","timestamp":"2024-05-31T14:38:15.871Z"}
{"level":"\u001b[31merror\u001b[39m","message":"Error al iniciar sesión: Error [ERR_HTTP_HEADERS_SENT]: Cannot set headers after they are sent to the client","timestamp":"2024-05-31T14:39:17.923Z"}
{"level":"\u001b[31merror\u001b[39m","message":"Error al iniciar sesión: Error [ERR_HTTP_HEADERS_SENT]: Cannot set headers after they are sent to the client","timestamp":"2024-05-31T14:43:38.046Z"}
{"level":"\u001b[31merror\u001b[39m","message":"Error obteniendo los productos: TypeError: Cannot read properties of undefined (reading 'includes')","timestamp":"2024-05-31T14:43:38.660Z"}
{"level":"\u001b[31merror\u001b[39m","message":"Error obteniendo los productos: TypeError: Cannot read properties of undefined (reading 'includes')","timestamp":"2024-05-31T14:44:47.935Z"}
{"level":"\u001b[31merror\u001b[39m","message":"Error obteniendo los productos: TypeError: Cannot read properties of undefined (reading 'includes')","timestamp":"2024-06-02T09:23:00.798Z"}
{"level":"\u001b[31merror\u001b[39m","message":"Error al iniciar sesión: ReferenceError: checkUserPermission is not defined","timestamp":"2024-06-02T09:28:02.170Z"}
{"level":"\u001b[31merror\u001b[39m","message":"Error obteniendo los productos: TypeError: Cannot read properties of undefined (reading 'includes')","timestamp":"2024-06-02T09:28:02.828Z"}
{"level":"\u001b[31merror\u001b[39m","message":"Error al iniciar sesión: ReferenceError: checkUserPermission is not defined","timestamp":"2024-06-02T09:48:41.014Z"}
{"level":"\u001b[31merror\u001b[39m","message":"Error obteniendo los productos: TypeError: Cannot read properties of undefined (reading 'includes')","timestamp":"2024-06-02T09:48:41.165Z"}
{"level":"\u001b[31merror\u001b[39m","message":"Error al iniciar sesión: ReferenceError: checkUserPermission is not defined","timestamp":"2024-06-02T10:00:44.652Z"}
{"level":"\u001b[31merror\u001b[39m","message":"Error obteniendo los productos: TypeError: Cannot read properties of undefined (reading 'includes')","timestamp":"2024-06-02T10:00:45.257Z"}
{"level":"\u001b[31merror\u001b[39m","message":"Error obteniendo los productos: TypeError: Cannot read properties of undefined (reading 'includes')","timestamp":"2024-06-02T10:07:41.519Z"}
{"level":"\u001b[31merror\u001b[39m","message":"Error al iniciar sesión: TypeError: checkUserPermission is not a function","timestamp":"2024-06-02T10:13:18.698Z"}
{"level":"\u001b[31merror\u001b[39m","message":"Error obteniendo los productos: TypeError: Cannot read properties of undefined (reading 'includes')","timestamp":"2024-06-02T10:13:19.326Z"}
{"level":"\u001b[31merror\u001b[39m","message":"Error al iniciar sesión: TypeError: checkUserPermission is not a function","timestamp":"2024-06-02T10:18:16.120Z"}
{"level":"\u001b[31merror\u001b[39m","message":"Error obteniendo los productos: TypeError: Cannot read properties of undefined (reading 'includes')","timestamp":"2024-06-02T10:18:16.712Z"}
{"level":"\u001b[31merror\u001b[39m","message":"Error al iniciar sesión: TypeError: checkUserPermission is not a function","timestamp":"2024-06-02T10:22:40.088Z"}
{"level":"\u001b[31merror\u001b[39m","message":"Error obteniendo los productos: TypeError: Cannot read properties of undefined (reading 'includes')","timestamp":"2024-06-02T10:22:40.714Z"}
{"level":"\u001b[31merror\u001b[39m","message":"Error obteniendo los productos: TypeError: Cannot read properties of undefined (reading 'includes')","timestamp":"2024-06-02T10:46:55.989Z"}
{"level":"\u001b[31merror\u001b[39m","message":"No tiene permisos para agregar este producto","timestamp":"2024-06-02T13:18:36.991Z"}
{"level":"\u001b[31merror\u001b[39m","message":"Error al crear un producto: BSONError: input must be a 24 character hex string, 12 byte Uint8Array, or an integer","timestamp":"2024-06-02T14:17:39.346Z"}
{"level":"\u001b[31merror\u001b[39m","message":"Error al crear un producto: BSONError: input must be a 24 character hex string, 12 byte Uint8Array, or an integer","timestamp":"2024-06-02T14:20:36.279Z"}
{"level":"\u001b[31merror\u001b[39m","message":"Error al crear un producto: BSONError: input must be a 24 character hex string, 12 byte Uint8Array, or an integer","timestamp":"2024-06-02T14:20:57.737Z"}
{"level":"\u001b[31merror\u001b[39m","message":"Error al crear un producto: BSONError: input must be a 24 character hex string, 12 byte Uint8Array, or an integer","timestamp":"2024-06-02T14:24:46.660Z"}
{"level":"\u001b[31merror\u001b[39m","message":"Error al crear un producto: BSONError: input must be a 24 character hex string, 12 byte Uint8Array, or an integer","timestamp":"2024-06-02T14:24:54.499Z"}
{"level":"\u001b[31merror\u001b[39m","message":"Error al crear un producto: BSONError: input must be a 24 character hex string, 12 byte Uint8Array, or an integer","timestamp":"2024-06-02T14:26:17.437Z"}
{"level":"\u001b[31merror\u001b[39m","message":"Error al crear un producto: BSONError: input must be a 24 character hex string, 12 byte Uint8Array, or an integer","timestamp":"2024-06-02T14:27:45.525Z"}
{"level":"\u001b[31merror\u001b[39m","message":"Error al crear un producto: BSONError: input must be a 24 character hex string, 12 byte Uint8Array, or an integer","timestamp":"2024-06-02T14:31:47.936Z"}
{"level":"\u001b[31merror\u001b[39m","message":"Error al crear un producto: BSONError: input must be a 24 character hex string, 12 byte Uint8Array, or an integer","timestamp":"2024-06-02T14:33:48.803Z"}
{"level":"\u001b[31merror\u001b[39m","message":"Error al obtener el último producto creado: ReferenceError: Product is not defined","timestamp":"2024-06-02T14:43:21.183Z"}
{"level":"\u001b[31merror\u001b[39m","message":"Error al crear un producto: TypeError: Cannot read properties of undefined (reading 'includes')","timestamp":"2024-06-03T09:18:52.066Z"}
{"level":"\u001b[31merror\u001b[39m","message":"Error al crear un producto: ReferenceError: databaseManager is not defined","timestamp":"2024-06-03T11:05:46.005Z"}
{"level":"\u001b[31merror\u001b[39m","message":"Error al crear un producto: ReferenceError: newProduct is not defined","timestamp":"2024-06-03T11:13:29.425Z"}
{"level":"\u001b[31merror\u001b[39m","message":"Error al crear un producto: BSONError: input must be a 24 character hex string, 12 byte Uint8Array, or an integer","timestamp":"2024-06-03T11:42:49.001Z"}
{"level":"\u001b[31merror\u001b[39m","message":"Error al mostrar carrito: Cannot read properties of undefined (reading 'includes')","stack":"TypeError: Cannot read properties of undefined (reading 'includes')\n    at showCart (C:\\Users\\macch\\OneDrive\\Documentos\\CoderHouse\\backend-node\\modulos-testing-pf\\src\\controllers\\cartsControllers.js:92:35)\n    at process.processTicksAndRejections (node:internal/process/task_queues:95:5)","timestamp":"2024-06-03T14:29:47.102Z"}
{"level":"\u001b[31merror\u001b[39m","message":"Error al mostrar carrito: Cannot read properties of undefined (reading 'includes')","stack":"TypeError: Cannot read properties of undefined (reading 'includes')\n    at showCart (C:\\Users\\macch\\OneDrive\\Documentos\\CoderHouse\\backend-node\\modulos-testing-pf\\src\\controllers\\cartsControllers.js:92:35)\n    at process.processTicksAndRejections (node:internal/process/task_queues:95:5)","timestamp":"2024-06-03T14:30:50.312Z"}
{"level":"\u001b[31merror\u001b[39m","message":"Error al mostrar carrito: Cannot read properties of undefined (reading 'includes')","stack":"TypeError: Cannot read properties of undefined (reading 'includes')\n    at showCart (C:\\Users\\macch\\OneDrive\\Documentos\\CoderHouse\\backend-node\\modulos-testing-pf\\src\\controllers\\cartsControllers.js:92:35)\n    at process.processTicksAndRejections (node:internal/process/task_queues:95:5)","timestamp":"2024-06-03T14:33:38.872Z"}
{"level":"\u001b[31merror\u001b[39m","message":"Error al mostrar carrito: Cannot read properties of undefined (reading 'includes')","stack":"TypeError: Cannot read properties of undefined (reading 'includes')\n    at showCart (C:\\Users\\macch\\OneDrive\\Documentos\\CoderHouse\\backend-node\\modulos-testing-pf\\src\\controllers\\cartsControllers.js:92:35)\n    at process.processTicksAndRejections (node:internal/process/task_queues:95:5)","timestamp":"2024-06-03T14:37:10.821Z"}
{"level":"\u001b[31merror\u001b[39m","message":"Error al mostrar carrito: Cannot read properties of undefined (reading 'includes')","stack":"TypeError: Cannot read properties of undefined (reading 'includes')\n    at showCart (C:\\Users\\macch\\OneDrive\\Documentos\\CoderHouse\\backend-node\\modulos-testing-pf\\src\\controllers\\cartsControllers.js:92:35)\n    at process.processTicksAndRejections (node:internal/process/task_queues:95:5)","timestamp":"2024-06-03T14:41:08.261Z"}
{"level":"\u001b[31merror\u001b[39m","message":"Error al mostrar carrito: Cannot read properties of undefined (reading 'cart')","stack":"TypeError: Cannot read properties of undefined (reading 'cart')\n    at showCart (C:\\Users\\macch\\OneDrive\\Documentos\\CoderHouse\\backend-node\\modulos-testing-pf\\src\\controllers\\cartsControllers.js:104:36)\n    at process.processTicksAndRejections (node:internal/process/task_queues:95:5)","timestamp":"2024-06-03T14:42:41.388Z"}
{"level":"\u001b[31merror\u001b[39m","message":"Error obteniendo los productos: TypeError: Cannot read properties of undefined (reading 'includes')","timestamp":"2024-06-04T22:52:52.178Z"}
{"level":"\u001b[31merror\u001b[39m","message":"Error obteniendo los productos: TypeError: Cannot read properties of undefined (reading 'includes')","timestamp":"2024-06-04T23:03:23.066Z"}
{"level":"\u001b[31merror\u001b[39m","message":"Error al cerrar sesión: ReferenceError: User is not defined","timestamp":"2024-06-10T14:39:07.454Z"}
{"level":"\u001b[31merror\u001b[39m","message":"Error al cerrar sesión: ReferenceError: User is not defined","timestamp":"2024-06-10T15:15:10.314Z"}
{"level":"\u001b[31merror\u001b[39m","message":"Error al cerrar sesión: TypeError: userManager.findById is not a function","timestamp":"2024-06-10T15:17:53.008Z"}
{"level":"\u001b[31merror\u001b[39m","message":"Error al cerrar sesión: ReferenceError: User is not defined","timestamp":"2024-06-10T15:26:12.274Z"}
{"level":"\u001b[31merror\u001b[39m","message":"Error al cerrar sesión: TypeError: userManager.findByIdAndUpdate is not a function","timestamp":"2024-06-10T15:27:33.657Z"}
{"level":"\u001b[31merror\u001b[39m","message":"Error al renderizar la página del administrador: TypeError: ProductManager.countDocuments is not a function","timestamp":"2024-06-17T13:58:05.444Z"}
{"code":"EENVELOPE","command":"API","level":"\u001b[31merror\u001b[39m","message":"Error al enviar el correo al usuario premium: No recipients defined","stack":"Error: No recipients defined\n    at SMTPConnection._formatError (C:\\Users\\macch\\OneDrive\\Documentos\\CoderHouse\\backend-node\\entrega-final\\node_modules\\nodemailer\\lib\\smtp-connection\\index.js:798:19)\n    at SMTPConnection._setEnvelope (C:\\Users\\macch\\OneDrive\\Documentos\\CoderHouse\\backend-node\\entrega-final\\node_modules\\nodemailer\\lib\\smtp-connection\\index.js:1036:34)\n    at SMTPConnection.send (C:\\Users\\macch\\OneDrive\\Documentos\\CoderHouse\\backend-node\\entrega-final\\node_modules\\nodemailer\\lib\\smtp-connection\\index.js:629:14)\n    at sendMessage (C:\\Users\\macch\\OneDrive\\Documentos\\CoderHouse\\backend-node\\entrega-final\\node_modules\\nodemailer\\lib\\smtp-transport\\index.js:228:28)\n    at C:\\Users\\macch\\OneDrive\\Documentos\\CoderHouse\\backend-node\\entrega-final\\node_modules\\nodemailer\\lib\\smtp-transport\\index.js:286:25\n    at SMTPConnection._actionAUTHComplete (C:\\Users\\macch\\OneDrive\\Documentos\\CoderHouse\\backend-node\\entrega-final\\node_modules\\nodemailer\\lib\\smtp-connection\\index.js:1591:9)\n    at SMTPConnection.<anonymous> (C:\\Users\\macch\\OneDrive\\Documentos\\CoderHouse\\backend-node\\entrega-final\\node_modules\\nodemailer\\lib\\smtp-connection\\index.js:554:26)\n    at SMTPConnection._processResponse (C:\\Users\\macch\\OneDrive\\Documentos\\CoderHouse\\backend-node\\entrega-final\\node_modules\\nodemailer\\lib\\smtp-connection\\index.js:982:20)\n    at SMTPConnection._onData (C:\\Users\\macch\\OneDrive\\Documentos\\CoderHouse\\backend-node\\entrega-final\\node_modules\\nodemailer\\lib\\smtp-connection\\index.js:763:14)\n    at SMTPConnection._onSocketData (C:\\Users\\macch\\OneDrive\\Documentos\\CoderHouse\\backend-node\\entrega-final\\node_modules\\nodemailer\\lib\\smtp-connection\\index.js:195:44)","timestamp":"2024-06-17T14:15:17.792Z"}
{"code":"EENVELOPE","command":"API","level":"\u001b[31merror\u001b[39m","message":"Error al enviar el correo al usuario premium: No recipients defined","stack":"Error: No recipients defined\n    at SMTPConnection._formatError (C:\\Users\\macch\\OneDrive\\Documentos\\CoderHouse\\backend-node\\entrega-final\\node_modules\\nodemailer\\lib\\smtp-connection\\index.js:798:19)\n    at SMTPConnection._setEnvelope (C:\\Users\\macch\\OneDrive\\Documentos\\CoderHouse\\backend-node\\entrega-final\\node_modules\\nodemailer\\lib\\smtp-connection\\index.js:1036:34)\n    at SMTPConnection.send (C:\\Users\\macch\\OneDrive\\Documentos\\CoderHouse\\backend-node\\entrega-final\\node_modules\\nodemailer\\lib\\smtp-connection\\index.js:629:14)\n    at sendMessage (C:\\Users\\macch\\OneDrive\\Documentos\\CoderHouse\\backend-node\\entrega-final\\node_modules\\nodemailer\\lib\\smtp-transport\\index.js:228:28)\n    at C:\\Users\\macch\\OneDrive\\Documentos\\CoderHouse\\backend-node\\entrega-final\\node_modules\\nodemailer\\lib\\smtp-transport\\index.js:286:25\n    at SMTPConnection._actionAUTHComplete (C:\\Users\\macch\\OneDrive\\Documentos\\CoderHouse\\backend-node\\entrega-final\\node_modules\\nodemailer\\lib\\smtp-connection\\index.js:1591:9)\n    at SMTPConnection.<anonymous> (C:\\Users\\macch\\OneDrive\\Documentos\\CoderHouse\\backend-node\\entrega-final\\node_modules\\nodemailer\\lib\\smtp-connection\\index.js:554:26)\n    at SMTPConnection._processResponse (C:\\Users\\macch\\OneDrive\\Documentos\\CoderHouse\\backend-node\\entrega-final\\node_modules\\nodemailer\\lib\\smtp-connection\\index.js:982:20)\n    at SMTPConnection._onData (C:\\Users\\macch\\OneDrive\\Documentos\\CoderHouse\\backend-node\\entrega-final\\node_modules\\nodemailer\\lib\\smtp-connection\\index.js:763:14)\n    at SMTPConnection._onSocketData (C:\\Users\\macch\\OneDrive\\Documentos\\CoderHouse\\backend-node\\entrega-final\\node_modules\\nodemailer\\lib\\smtp-connection\\index.js:195:44)","timestamp":"2024-06-17T14:18:26.119Z"}
{"level":"\u001b[31merror\u001b[39m","message":"Error al eliminar el producto: TypeError: productManager.findById is not a function","timestamp":"2024-06-17T14:46:56.586Z"}
{"level":"\u001b[31merror\u001b[39m","message":"Error al eliminar el producto: TypeError: ProductManager.getProductById is not a function","timestamp":"2024-06-17T14:48:59.823Z"}
{"level":"\u001b[31merror\u001b[39m","message":"Error al eliminar el producto: TypeError: ProductManager.delProduct is not a function","timestamp":"2024-06-17T14:50:29.703Z"}
{"level":"\u001b[31merror\u001b[39m","message":"Error al eliminar el producto: TypeError: ProductManager.deleteProduct is not a function","timestamp":"2024-06-17T14:51:18.482Z"}
{"level":"\u001b[31merror\u001b[39m","message":"Error al eliminar el producto: TypeError: Cannot destructure property 'id' of 'req.params' as it is undefined.","timestamp":"2024-06-17T14:52:08.999Z"}
{"level":"\u001b[31merror\u001b[39m","message":"Error al eliminar el producto: TypeError: Cannot destructure property 'id' of 'req.params' as it is undefined.","timestamp":"2024-06-17T14:53:12.477Z"}
{"level":"\u001b[31merror\u001b[39m","message":"Error al eliminar el producto: ReferenceError: res is not defined","timestamp":"2024-06-17T15:01:55.792Z"}
{"level":"\u001b[31merror\u001b[39m","message":"Error al eliminar el producto: ReferenceError: userManager is not defined","timestamp":"2024-06-17T15:04:54.765Z"}
{"level":"\u001b[31merror\u001b[39m","message":"Error obteniendo los productos: ReferenceError: limit is not defined","timestamp":"2024-06-17T15:25:37.175Z"}
{"level":"\u001b[31merror\u001b[39m","message":"Error obteniendo los productos: ReferenceError: limit is not defined","timestamp":"2024-06-17T15:25:41.808Z"}
{"level":"\u001b[31merror\u001b[39m","message":"Error obteniendo los productos: ReferenceError: limit is not defined","timestamp":"2024-06-17T15:26:01.863Z"}
{"level":"\u001b[31merror\u001b[39m","message":"No tiene permisos para agregar este producto","timestamp":"2024-06-17T15:59:16.814Z"}
{"level":"\u001b[31merror\u001b[39m","message":"Error durante la autenticación: userManager.getUsers is not a function","timestamp":"2024-06-17T16:35:13.134Z"}
{"level":"\u001b[31merror\u001b[39m","message":"Error al cerrar sesión: TypeError: Cannot read properties of undefined (reading '_id')","timestamp":"2024-06-19T13:41:22.734Z"}
{"level":"\u001b[31merror\u001b[39m","message":"No se pudo generar el ticket.","timestamp":"2024-06-20T13:14:30.767Z"}
{"level":"\u001b[31merror\u001b[39m","message":"Error al cerrar sesión: TypeError: Cannot read properties of undefined (reading '_id')","timestamp":"2024-06-25T17:12:56.506Z"}
{"level":"\u001b[31merror\u001b[39m","message":"Error al enviar correo de compra: userEmail is not defined","stack":"ReferenceError: userEmail is not defined\n    at purchaseCart (C:\\Users\\macch\\OneDrive\\Documentos\\CoderHouse\\backend-node\\entrega-final\\src\\controllers\\cartsControllers.js:192:33)\n    at process.processTicksAndRejections (node:internal/process/task_queues:95:5)","timestamp":"2024-06-26T14:27:41.635Z"}
{"level":"\u001b[31merror\u001b[39m","message":"Error al enviar correo de compra: email is not defined","stack":"ReferenceError: email is not defined\n    at purchaseCart (C:\\Users\\macch\\OneDrive\\Documentos\\CoderHouse\\backend-node\\entrega-final\\src\\controllers\\cartsControllers.js:192:33)\n    at process.processTicksAndRejections (node:internal/process/task_queues:95:5)","timestamp":"2024-06-26T14:28:26.050Z"}
{"level":"\u001b[31merror\u001b[39m","message":"Error al enviar correo de compra: transporter is not defined","stack":"ReferenceError: transporter is not defined\n    at sendPurchaseEmail (C:\\Users\\macch\\OneDrive\\Documentos\\CoderHouse\\backend-node\\entrega-final\\src\\controllers\\cartsControllers.js:164:7)\n    at purchaseCart (C:\\Users\\macch\\OneDrive\\Documentos\\CoderHouse\\backend-node\\entrega-final\\src\\controllers\\cartsControllers.js:193:15)\n    at process.processTicksAndRejections (node:internal/process/task_queues:95:5)","timestamp":"2024-06-26T14:29:53.845Z"}
{"level":"\u001b[31merror\u001b[39m","message":"Error al enviar correo de compra: fs is not defined","stack":"ReferenceError: fs is not defined\n    at sendPurchaseEmail (C:\\Users\\macch\\OneDrive\\Documentos\\CoderHouse\\backend-node\\entrega-final\\src\\controllers\\cartsControllers.js:158:18)\n    at purchaseCart (C:\\Users\\macch\\OneDrive\\Documentos\\CoderHouse\\backend-node\\entrega-final\\src\\controllers\\cartsControllers.js:198:15)\n    at process.processTicksAndRejections (node:internal/process/task_queues:95:5)","timestamp":"2024-06-26T14:41:04.276Z"}
